epoch=1 env_step=2000 gradient_step=125 train_rew=0.268349 train_len=18 n_ep=1 n_st=16 loss=0.214914 loss_clip=-0.021987 loss_ent=0.868062 loss_vf=0.475537 test_reward=0.256824 test_reward_std=0.062952 best_reward=0.297446 best_reward_std=0.128294 best_epoch=0
epoch=2 env_step=4000 gradient_step=250 train_rew=0.129414 train_len=21 n_ep=1 n_st=16 loss=0.068426 loss_clip=-0.000566 loss_ent=0.907658 loss_vf=0.139800 test_reward=0.284267 test_reward_std=0.060879 best_reward=0.297446 best_reward_std=0.128294 best_epoch=0
epoch=3 env_step=6000 gradient_step=375 train_rew=0.315793 train_len=20 n_ep=0 n_st=16 loss=0.054660 loss_clip=0.003028 loss_ent=0.622444 loss_vf=0.104509 test_reward=0.277836 test_reward_std=0.076957 best_reward=0.297446 best_reward_std=0.128294 best_epoch=0
epoch=4 env_step=8000 gradient_step=500 train_rew=0.284195 train_len=23 n_ep=1 n_st=16 loss=0.013714 loss_clip=-0.001792 loss_ent=0.540415 loss_vf=0.032094 test_reward=0.306632 test_reward_std=0.108847 best_reward=0.306632 best_reward_std=0.108847 best_epoch=4
epoch=5 env_step=10000 gradient_step=625 train_rew=0.348219 train_len=34 n_ep=1 n_st=16 loss=0.046179 loss_clip=0.002163 loss_ent=0.601503 loss_vf=0.089235 test_reward=0.298698 test_reward_std=0.118950 best_reward=0.306632 best_reward_std=0.108847 best_epoch=4
epoch=6 env_step=12000 gradient_step=750 train_rew=0.417781 train_len=31 n_ep=1 n_st=16 loss=0.047052 loss_clip=-0.006621 loss_ent=0.521664 loss_vf=0.108389 test_reward=0.316761 test_reward_std=0.070505 best_reward=0.316761 best_reward_std=0.070505 best_epoch=6
epoch=7 env_step=14000 gradient_step=875 train_rew=0.282391 train_len=29 n_ep=1 n_st=16 loss=0.166348 loss_clip=0.001515 loss_ent=0.568986 loss_vf=0.330803 test_reward=0.330591 test_reward_std=0.045981 best_reward=0.330591 best_reward_std=0.045981 best_epoch=7
epoch=8 env_step=16000 gradient_step=1000 train_rew=0.320322 train_len=19 n_ep=2 n_st=16 loss=0.024256 loss_clip=0.003683 loss_ent=0.678645 loss_vf=0.042503 test_reward=0.313685 test_reward_std=0.070733 best_reward=0.330591 best_reward_std=0.045981 best_epoch=7
epoch=9 env_step=18000 gradient_step=1125 train_rew=0.299076 train_len=26 n_ep=0 n_st=16 loss=0.005003 loss_clip=-0.002186 loss_ent=0.532659 loss_vf=0.015444 test_reward=0.285449 test_reward_std=0.128355 best_reward=0.330591 best_reward_std=0.045981 best_epoch=7
epoch=10 env_step=20000 gradient_step=1250 train_rew=0.392265 train_len=31 n_ep=0 n_st=16 loss=0.003594 loss_clip=-0.001339 loss_ent=0.540734 loss_vf=0.010947 test_reward=0.344118 test_reward_std=0.102111 best_reward=0.344118 best_reward_std=0.102111 best_epoch=10
epoch=11 env_step=22000 gradient_step=1375 train_rew=0.431661 train_len=20 n_ep=1 n_st=16 loss=0.003668 loss_clip=-0.001570 loss_ent=0.582331 loss_vf=0.011640 test_reward=0.270716 test_reward_std=0.088983 best_reward=0.344118 best_reward_std=0.102111 best_epoch=10
epoch=12 env_step=24000 gradient_step=1500 train_rew=0.359019 train_len=18 n_ep=1 n_st=16 loss=0.004821 loss_clip=0.000439 loss_ent=0.604844 loss_vf=0.009975 test_reward=0.310281 test_reward_std=0.082358 best_reward=0.344118 best_reward_std=0.102111 best_epoch=10
epoch=13 env_step=26000 gradient_step=1625 train_rew=0.217355 train_len=18 n_ep=0 n_st=16 loss=0.011060 loss_clip=0.000721 loss_ent=0.669250 loss_vf=0.022016 test_reward=0.331080 test_reward_std=0.131284 best_reward=0.344118 best_reward_std=0.102111 best_epoch=10
epoch=14 env_step=28000 gradient_step=1750 train_rew=0.359082 train_len=22 n_ep=1 n_st=16 loss=0.002980 loss_clip=0.000114 loss_ent=0.621525 loss_vf=0.006974 test_reward=0.316621 test_reward_std=0.076191 best_reward=0.344118 best_reward_std=0.102111 best_epoch=10
epoch=15 env_step=30000 gradient_step=1875 train_rew=0.383714 train_len=23 n_ep=1 n_st=16 loss=0.025560 loss_clip=0.002937 loss_ent=0.708919 loss_vf=0.046664 test_reward=0.324678 test_reward_std=0.076600 best_reward=0.344118 best_reward_std=0.102111 best_epoch=10
epoch=16 env_step=32000 gradient_step=2000 train_rew=0.254205 train_len=21 n_ep=0 n_st=16 loss=0.026529 loss_clip=0.004583 loss_ent=0.817609 loss_vf=0.045527 test_reward=0.267416 test_reward_std=0.073773 best_reward=0.344118 best_reward_std=0.102111 best_epoch=10
epoch=17 env_step=34000 gradient_step=2125 train_rew=0.263085 train_len=34 n_ep=0 n_st=16 loss=0.011669 loss_clip=0.001967 loss_ent=0.797081 loss_vf=0.020998 test_reward=0.250744 test_reward_std=0.116563 best_reward=0.344118 best_reward_std=0.102111 best_epoch=10
epoch=18 env_step=36000 gradient_step=2250 train_rew=0.284499 train_len=30 n_ep=0 n_st=16 loss=0.006328 loss_clip=-0.002053 loss_ent=0.774542 loss_vf=0.018311 test_reward=0.332565 test_reward_std=0.082578 best_reward=0.344118 best_reward_std=0.102111 best_epoch=10
epoch=19 env_step=38000 gradient_step=2375 train_rew=0.181842 train_len=23 n_ep=0 n_st=16 loss=0.060617 loss_clip=0.000311 loss_ent=0.731559 loss_vf=0.122075 test_reward=0.315177 test_reward_std=0.111533 best_reward=0.344118 best_reward_std=0.102111 best_epoch=10
epoch=20 env_step=40000 gradient_step=2500 train_rew=0.406485 train_len=37 n_ep=0 n_st=16 loss=0.002230 loss_clip=-0.002507 loss_ent=0.515286 loss_vf=0.010504 test_reward=0.292977 test_reward_std=0.086701 best_reward=0.344118 best_reward_std=0.102111 best_epoch=10
epoch=21 env_step=42000 gradient_step=2625 train_rew=0.470149 train_len=28 n_ep=1 n_st=16 loss=0.004897 loss_clip=-0.002124 loss_ent=0.532174 loss_vf=0.015107 test_reward=0.333423 test_reward_std=0.070074 best_reward=0.344118 best_reward_std=0.102111 best_epoch=10
epoch=22 env_step=44000 gradient_step=2750 train_rew=0.328992 train_len=17 n_ep=0 n_st=16 loss=0.009356 loss_clip=0.000394 loss_ent=0.542719 loss_vf=0.019009 test_reward=0.305389 test_reward_std=0.114317 best_reward=0.344118 best_reward_std=0.102111 best_epoch=10
epoch=23 env_step=46000 gradient_step=2875 train_rew=0.477426 train_len=24 n_ep=1 n_st=16 loss=0.007195 loss_clip=-0.001554 loss_ent=0.530252 loss_vf=0.018557 test_reward=0.313304 test_reward_std=0.066191 best_reward=0.344118 best_reward_std=0.102111 best_epoch=10
epoch=24 env_step=48000 gradient_step=3000 train_rew=0.243461 train_len=38 n_ep=0 n_st=16 loss=0.003619 loss_clip=0.001190 loss_ent=0.556517 loss_vf=0.005970 test_reward=0.325328 test_reward_std=0.100060 best_reward=0.344118 best_reward_std=0.102111 best_epoch=10
epoch=25 env_step=50000 gradient_step=3125 train_rew=0.527951 train_len=28 n_ep=1 n_st=16 loss=0.001848 loss_clip=0.000488 loss_ent=0.588804 loss_vf=0.003897 test_reward=0.300818 test_reward_std=0.107137 best_reward=0.344118 best_reward_std=0.102111 best_epoch=10
epoch=26 env_step=52000 gradient_step=3250 train_rew=0.418773 train_len=23 n_ep=2 n_st=16 loss=0.001358 loss_clip=0.000258 loss_ent=0.620456 loss_vf=0.003440 test_reward=0.297155 test_reward_std=0.091596 best_reward=0.344118 best_reward_std=0.102111 best_epoch=10
epoch=27 env_step=54000 gradient_step=3375 train_rew=0.344485 train_len=23 n_ep=2 n_st=16 loss=0.003177 loss_clip=-0.000641 loss_ent=0.601963 loss_vf=0.008841 test_reward=0.306598 test_reward_std=0.136974 best_reward=0.344118 best_reward_std=0.102111 best_epoch=10
epoch=28 env_step=56000 gradient_step=3500 train_rew=0.360309 train_len=24 n_ep=0 n_st=16 loss=0.001591 loss_clip=-0.000805 loss_ent=0.583868 loss_vf=0.005960 test_reward=0.311792 test_reward_std=0.095273 best_reward=0.344118 best_reward_std=0.102111 best_epoch=10
epoch=29 env_step=58000 gradient_step=3625 train_rew=0.358783 train_len=22 n_ep=2 n_st=16 loss=0.001719 loss_clip=-0.000342 loss_ent=0.609228 loss_vf=0.005340 test_reward=0.306851 test_reward_std=0.131619 best_reward=0.344118 best_reward_std=0.102111 best_epoch=10
epoch=30 env_step=60000 gradient_step=3750 train_rew=0.500301 train_len=26 n_ep=1 n_st=16 loss=-0.000324 loss_clip=-0.001226 loss_ent=0.696533 loss_vf=0.003197 test_reward=0.320068 test_reward_std=0.065203 best_reward=0.344118 best_reward_std=0.102111 best_epoch=10
epoch=31 env_step=62000 gradient_step=3875 train_rew=0.244248 train_len=27 n_ep=0 n_st=16 loss=0.003031 loss_clip=0.001223 loss_ent=0.683089 loss_vf=0.004982 test_reward=0.319798 test_reward_std=0.117800 best_reward=0.344118 best_reward_std=0.102111 best_epoch=10
epoch=32 env_step=64000 gradient_step=4000 train_rew=0.351211 train_len=27 n_ep=1 n_st=16 loss=0.055360 loss_clip=-0.001672 loss_ent=0.646844 loss_vf=0.115358 test_reward=0.307626 test_reward_std=0.062043 best_reward=0.344118 best_reward_std=0.102111 best_epoch=10
epoch=33 env_step=66000 gradient_step=4125 train_rew=0.489884 train_len=26 n_ep=1 n_st=16 loss=0.022314 loss_clip=0.001516 loss_ent=0.529328 loss_vf=0.042654 test_reward=0.288531 test_reward_std=0.104405 best_reward=0.344118 best_reward_std=0.102111 best_epoch=10
epoch=34 env_step=68000 gradient_step=4250 train_rew=0.249470 train_len=20 n_ep=0 n_st=16 loss=0.009032 loss_clip=-0.001015 loss_ent=0.533518 loss_vf=0.021160 test_reward=0.386927 test_reward_std=0.106454 best_reward=0.386927 best_reward_std=0.106454 best_epoch=34
epoch=35 env_step=70000 gradient_step=4375 train_rew=0.102428 train_len=26 n_ep=1 n_st=16 loss=0.002988 loss_clip=-0.000032 loss_ent=0.566344 loss_vf=0.007172 test_reward=0.367802 test_reward_std=0.094980 best_reward=0.386927 best_reward_std=0.106454 best_epoch=34
epoch=36 env_step=72000 gradient_step=4500 train_rew=0.506732 train_len=20 n_ep=0 n_st=16 loss=0.011814 loss_clip=0.001329 loss_ent=0.578815 loss_vf=0.022128 test_reward=0.334586 test_reward_std=0.062605 best_reward=0.386927 best_reward_std=0.106454 best_epoch=34
epoch=37 env_step=74000 gradient_step=4625 train_rew=0.340273 train_len=24 n_ep=2 n_st=16 loss=0.006590 loss_clip=0.000045 loss_ent=0.650357 loss_vf=0.014390 test_reward=0.344866 test_reward_std=0.115478 best_reward=0.386927 best_reward_std=0.106454 best_epoch=34
epoch=38 env_step=76000 gradient_step=4750 train_rew=0.199432 train_len=24 n_ep=0 n_st=16 loss=0.023025 loss_clip=0.001622 loss_ent=0.681671 loss_vf=0.044170 test_reward=0.320984 test_reward_std=0.118281 best_reward=0.386927 best_reward_std=0.106454 best_epoch=34
epoch=39 env_step=78000 gradient_step=4875 train_rew=0.285250 train_len=24 n_ep=0 n_st=16 loss=0.009492 loss_clip=0.000328 loss_ent=0.772495 loss_vf=0.019873 test_reward=0.325021 test_reward_std=0.049833 best_reward=0.386927 best_reward_std=0.106454 best_epoch=34
epoch=40 env_step=80000 gradient_step=5000 train_rew=0.293538 train_len=28 n_ep=1 n_st=16 loss=0.002078 loss_clip=-0.000452 loss_ent=0.727194 loss_vf=0.006514 test_reward=0.338549 test_reward_std=0.078678 best_reward=0.386927 best_reward_std=0.106454 best_epoch=34
epoch=41 env_step=82000 gradient_step=5125 train_rew=0.437191 train_len=24 n_ep=0 n_st=16 loss=0.002593 loss_clip=-0.000980 loss_ent=0.699548 loss_vf=0.008545 test_reward=0.330740 test_reward_std=0.090164 best_reward=0.386927 best_reward_std=0.106454 best_epoch=34
epoch=42 env_step=84000 gradient_step=5250 train_rew=0.512845 train_len=23 n_ep=0 n_st=16 loss=0.001690 loss_clip=0.000222 loss_ent=0.755945 loss_vf=0.004447 test_reward=0.324667 test_reward_std=0.077618 best_reward=0.386927 best_reward_std=0.106454 best_epoch=34
epoch=43 env_step=86000 gradient_step=5375 train_rew=0.235015 train_len=26 n_ep=1 n_st=16 loss=0.011029 loss_clip=-0.000232 loss_ent=0.724767 loss_vf=0.023970 test_reward=0.296736 test_reward_std=0.098059 best_reward=0.386927 best_reward_std=0.106454 best_epoch=34
epoch=44 env_step=88000 gradient_step=5500 train_rew=0.301143 train_len=21 n_ep=0 n_st=16 loss=0.005283 loss_clip=0.000697 loss_ent=0.663208 loss_vf=0.010498 test_reward=0.322566 test_reward_std=0.118702 best_reward=0.386927 best_reward_std=0.106454 best_epoch=34
epoch=45 env_step=90000 gradient_step=5625 train_rew=0.461339 train_len=22 n_ep=3 n_st=16 loss=0.003817 loss_clip=0.000736 loss_ent=0.631906 loss_vf=0.007427 test_reward=0.314318 test_reward_std=0.088164 best_reward=0.386927 best_reward_std=0.106454 best_epoch=34
epoch=46 env_step=92000 gradient_step=5750 train_rew=0.421652 train_len=21 n_ep=1 n_st=16 loss=0.000496 loss_clip=-0.000863 loss_ent=0.589451 loss_vf=0.003897 test_reward=0.341726 test_reward_std=0.055375 best_reward=0.386927 best_reward_std=0.106454 best_epoch=34
epoch=47 env_step=94000 gradient_step=5875 train_rew=0.325157 train_len=23 n_ep=1 n_st=16 loss=0.004011 loss_clip=0.000573 loss_ent=0.552348 loss_vf=0.007981 test_reward=0.298513 test_reward_std=0.076761 best_reward=0.386927 best_reward_std=0.106454 best_epoch=34
epoch=48 env_step=96000 gradient_step=6000 train_rew=0.225688 train_len=26 n_ep=0 n_st=16 loss=0.002297 loss_clip=0.000841 loss_ent=0.552073 loss_vf=0.004015 test_reward=0.286301 test_reward_std=0.124024 best_reward=0.386927 best_reward_std=0.106454 best_epoch=34
epoch=49 env_step=98000 gradient_step=6125 train_rew=0.179102 train_len=29 n_ep=1 n_st=16 loss=0.003453 loss_clip=0.000509 loss_ent=0.592368 loss_vf=0.007074 test_reward=0.313567 test_reward_std=0.133888 best_reward=0.386927 best_reward_std=0.106454 best_epoch=34
epoch=50 env_step=100000 gradient_step=6250 train_rew=0.250411 train_len=17 n_ep=1 n_st=16 loss=0.009967 loss_clip=-0.000391 loss_ent=0.764179 loss_vf=0.022243 test_reward=0.347429 test_reward_std=0.091317 best_reward=0.386927 best_reward_std=0.106454 best_epoch=34
epoch=51 env_step=102000 gradient_step=6375 train_rew=0.491424 train_len=21 n_ep=1 n_st=16 loss=0.001158 loss_clip=-0.000711 loss_ent=0.739276 loss_vf=0.005216 test_reward=0.379176 test_reward_std=0.113177 best_reward=0.386927 best_reward_std=0.106454 best_epoch=34
epoch=52 env_step=104000 gradient_step=6500 train_rew=0.118921 train_len=12 n_ep=0 n_st=16 loss=0.004013 loss_clip=0.000066 loss_ent=0.762716 loss_vf=0.009419 test_reward=0.320791 test_reward_std=0.116988 best_reward=0.386927 best_reward_std=0.106454 best_epoch=34
epoch=53 env_step=106000 gradient_step=6625 train_rew=0.256123 train_len=24 n_ep=0 n_st=16 loss=0.004531 loss_clip=0.001162 loss_ent=0.921060 loss_vf=0.008581 test_reward=0.324771 test_reward_std=0.087849 best_reward=0.386927 best_reward_std=0.106454 best_epoch=34
epoch=54 env_step=108000 gradient_step=6750 train_rew=0.280996 train_len=26 n_ep=0 n_st=16 loss=0.002171 loss_clip=-0.000538 loss_ent=1.066307 loss_vf=0.007552 test_reward=0.330994 test_reward_std=0.051104 best_reward=0.386927 best_reward_std=0.106454 best_epoch=34
epoch=55 env_step=110000 gradient_step=6875 train_rew=0.259923 train_len=27 n_ep=0 n_st=16 loss=0.002575 loss_clip=-0.000660 loss_ent=0.975742 loss_vf=0.008420 test_reward=0.307122 test_reward_std=0.089775 best_reward=0.386927 best_reward_std=0.106454 best_epoch=34
epoch=56 env_step=112000 gradient_step=7000 train_rew=0.317592 train_len=19 n_ep=1 n_st=16 loss=0.002069 loss_clip=-0.001168 loss_ent=0.980668 loss_vf=0.008435 test_reward=0.344902 test_reward_std=0.095762 best_reward=0.386927 best_reward_std=0.106454 best_epoch=34
epoch=57 env_step=114000 gradient_step=7125 train_rew=0.185557 train_len=23 n_ep=0 n_st=16 loss=0.001530 loss_clip=0.000379 loss_ent=0.911541 loss_vf=0.004127 test_reward=0.355894 test_reward_std=0.069416 best_reward=0.386927 best_reward_std=0.106454 best_epoch=34
epoch=58 env_step=116000 gradient_step=7250 train_rew=0.381139 train_len=32 n_ep=0 n_st=16 loss=0.000620 loss_clip=-0.000774 loss_ent=0.904367 loss_vf=0.004595 test_reward=0.406832 test_reward_std=0.136661 best_reward=0.406832 best_reward_std=0.136661 best_epoch=58
epoch=59 env_step=118000 gradient_step=7375 train_rew=0.250432 train_len=30 n_ep=2 n_st=16 loss=0.002185 loss_clip=0.000206 loss_ent=0.958252 loss_vf=0.005875 test_reward=0.314405 test_reward_std=0.102690 best_reward=0.406832 best_reward_std=0.136661 best_epoch=58
epoch=60 env_step=120000 gradient_step=7500 train_rew=0.454192 train_len=25 n_ep=2 n_st=16 loss=0.001775 loss_clip=0.000508 loss_ent=0.875723 loss_vf=0.004285 test_reward=0.312494 test_reward_std=0.112895 best_reward=0.406832 best_reward_std=0.136661 best_epoch=58
epoch=61 env_step=122000 gradient_step=7625 train_rew=0.337211 train_len=29 n_ep=1 n_st=16 loss=0.001147 loss_clip=-0.000167 loss_ent=0.899348 loss_vf=0.004426 test_reward=0.298782 test_reward_std=0.092716 best_reward=0.406832 best_reward_std=0.136661 best_epoch=58
epoch=62 env_step=124000 gradient_step=7750 train_rew=0.421817 train_len=22 n_ep=0 n_st=16 loss=0.001583 loss_clip=0.000185 loss_ent=0.936072 loss_vf=0.004668 test_reward=0.330588 test_reward_std=0.072260 best_reward=0.406832 best_reward_std=0.136661 best_epoch=58
epoch=63 env_step=126000 gradient_step=7875 train_rew=0.153354 train_len=24 n_ep=0 n_st=16 loss=0.003981 loss_clip=-0.000012 loss_ent=0.917716 loss_vf=0.009820 test_reward=0.322130 test_reward_std=0.089170 best_reward=0.406832 best_reward_std=0.136661 best_epoch=58
epoch=64 env_step=128000 gradient_step=8000 train_rew=0.375940 train_len=23 n_ep=0 n_st=16 loss=0.001729 loss_clip=0.000025 loss_ent=0.868605 loss_vf=0.005145 test_reward=0.357153 test_reward_std=0.097279 best_reward=0.406832 best_reward_std=0.136661 best_epoch=58
epoch=65 env_step=130000 gradient_step=8125 train_rew=0.245229 train_len=24 n_ep=2 n_st=16 loss=0.001460 loss_clip=0.000193 loss_ent=0.938167 loss_vf=0.004411 test_reward=0.418107 test_reward_std=0.094384 best_reward=0.418107 best_reward_std=0.094384 best_epoch=65
epoch=66 env_step=132000 gradient_step=8250 train_rew=0.389811 train_len=30 n_ep=1 n_st=16 loss=0.002292 loss_clip=0.000484 loss_ent=0.905573 loss_vf=0.005427 test_reward=0.335129 test_reward_std=0.110771 best_reward=0.418107 best_reward_std=0.094384 best_epoch=65
epoch=67 env_step=134000 gradient_step=8375 train_rew=0.179216 train_len=34 n_ep=1 n_st=16 loss=0.001504 loss_clip=0.000371 loss_ent=0.894176 loss_vf=0.004055 test_reward=0.328287 test_reward_std=0.095287 best_reward=0.418107 best_reward_std=0.094384 best_epoch=65
epoch=68 env_step=136000 gradient_step=8500 train_rew=0.429683 train_len=22 n_ep=0 n_st=16 loss=0.002374 loss_clip=-0.000911 loss_ent=0.954967 loss_vf=0.008480 test_reward=0.391101 test_reward_std=0.087266 best_reward=0.418107 best_reward_std=0.094384 best_epoch=65
epoch=69 env_step=138000 gradient_step=8625 train_rew=0.434325 train_len=32 n_ep=0 n_st=16 loss=0.001835 loss_clip=-0.002064 loss_ent=0.986698 loss_vf=0.009772 test_reward=0.261862 test_reward_std=0.082296 best_reward=0.418107 best_reward_std=0.094384 best_epoch=65
epoch=70 env_step=140000 gradient_step=8750 train_rew=0.420817 train_len=17 n_ep=0 n_st=16 loss=-0.000461 loss_clip=-0.001523 loss_ent=1.050164 loss_vf=0.004225 test_reward=0.315162 test_reward_std=0.090269 best_reward=0.418107 best_reward_std=0.094384 best_epoch=65
epoch=71 env_step=142000 gradient_step=8875 train_rew=0.387059 train_len=23 n_ep=0 n_st=16 loss=0.003007 loss_clip=0.001179 loss_ent=1.222497 loss_vf=0.006102 test_reward=0.307194 test_reward_std=0.102744 best_reward=0.418107 best_reward_std=0.094384 best_epoch=65
epoch=72 env_step=144000 gradient_step=9000 train_rew=0.311207 train_len=20 n_ep=0 n_st=16 loss=0.004515 loss_clip=0.001943 loss_ent=1.058023 loss_vf=0.007261 test_reward=0.272613 test_reward_std=0.096467 best_reward=0.418107 best_reward_std=0.094384 best_epoch=65
epoch=73 env_step=146000 gradient_step=9125 train_rew=0.114754 train_len=16 n_ep=0 n_st=16 loss=0.002164 loss_clip=0.000815 loss_ent=0.996350 loss_vf=0.004691 test_reward=0.326851 test_reward_std=0.082799 best_reward=0.418107 best_reward_std=0.094384 best_epoch=65
epoch=74 env_step=148000 gradient_step=9250 train_rew=0.337927 train_len=23 n_ep=2 n_st=16 loss=0.000827 loss_clip=0.000335 loss_ent=0.980119 loss_vf=0.002944 test_reward=0.274145 test_reward_std=0.125471 best_reward=0.418107 best_reward_std=0.094384 best_epoch=65
epoch=75 env_step=150000 gradient_step=9375 train_rew=0.288831 train_len=16 n_ep=1 n_st=16 loss=0.000834 loss_clip=-0.000351 loss_ent=0.965584 loss_vf=0.004302 test_reward=0.360653 test_reward_std=0.108426 best_reward=0.418107 best_reward_std=0.094384 best_epoch=65
epoch=76 env_step=152000 gradient_step=9500 train_rew=0.324951 train_len=34 n_ep=1 n_st=16 loss=0.000465 loss_clip=-0.000547 loss_ent=0.991197 loss_vf=0.004006 test_reward=0.298299 test_reward_std=0.096206 best_reward=0.418107 best_reward_std=0.094384 best_epoch=65
epoch=77 env_step=154000 gradient_step=9625 train_rew=0.476790 train_len=23 n_ep=2 n_st=16 loss=0.003419 loss_clip=0.000568 loss_ent=1.076767 loss_vf=0.007857 test_reward=0.289797 test_reward_std=0.074093 best_reward=0.418107 best_reward_std=0.094384 best_epoch=65
epoch=78 env_step=156000 gradient_step=9750 train_rew=0.254986 train_len=26 n_ep=1 n_st=16 loss=0.001501 loss_clip=0.000759 loss_ent=1.007749 loss_vf=0.003499 test_reward=0.371240 test_reward_std=0.076144 best_reward=0.418107 best_reward_std=0.094384 best_epoch=65
epoch=79 env_step=158000 gradient_step=9875 train_rew=0.263283 train_len=23 n_ep=0 n_st=16 loss=-0.000320 loss_clip=-0.000966 loss_ent=0.895418 loss_vf=0.003082 test_reward=0.355529 test_reward_std=0.100970 best_reward=0.418107 best_reward_std=0.094384 best_epoch=65
epoch=80 env_step=160000 gradient_step=10000 train_rew=0.329292 train_len=20 n_ep=1 n_st=16 loss=0.002705 loss_clip=-0.000092 loss_ent=0.878448 loss_vf=0.007351 test_reward=0.313595 test_reward_std=0.109459 best_reward=0.418107 best_reward_std=0.094384 best_epoch=65
epoch=81 env_step=162000 gradient_step=10125 train_rew=0.446998 train_len=23 n_ep=0 n_st=16 loss=0.001319 loss_clip=0.000121 loss_ent=0.897130 loss_vf=0.004190 test_reward=0.364627 test_reward_std=0.108505 best_reward=0.418107 best_reward_std=0.094384 best_epoch=65
epoch=82 env_step=164000 gradient_step=10250 train_rew=0.373960 train_len=28 n_ep=0 n_st=16 loss=0.001339 loss_clip=0.000563 loss_ent=0.836234 loss_vf=0.003225 test_reward=0.303012 test_reward_std=0.104222 best_reward=0.418107 best_reward_std=0.094384 best_epoch=65
epoch=83 env_step=166000 gradient_step=10375 train_rew=0.553916 train_len=27 n_ep=0 n_st=16 loss=0.000560 loss_clip=0.000222 loss_ent=0.816662 loss_vf=0.002310 test_reward=0.331499 test_reward_std=0.051721 best_reward=0.418107 best_reward_std=0.094384 best_epoch=65
epoch=84 env_step=168000 gradient_step=10500 train_rew=0.486420 train_len=25 n_ep=0 n_st=16 loss=0.000567 loss_clip=0.000042 loss_ent=0.798702 loss_vf=0.002648 test_reward=0.349527 test_reward_std=0.056083 best_reward=0.418107 best_reward_std=0.094384 best_epoch=65
epoch=85 env_step=170000 gradient_step=10625 train_rew=0.381190 train_len=25 n_ep=0 n_st=16 loss=0.002062 loss_clip=0.000954 loss_ent=0.805130 loss_vf=0.003825 test_reward=0.358332 test_reward_std=0.126635 best_reward=0.418107 best_reward_std=0.094384 best_epoch=65
epoch=86 env_step=172000 gradient_step=10750 train_rew=0.253036 train_len=20 n_ep=0 n_st=16 loss=0.001027 loss_clip=0.000478 loss_ent=0.780210 loss_vf=0.002657 test_reward=0.330366 test_reward_std=0.089843 best_reward=0.418107 best_reward_std=0.094384 best_epoch=65
epoch=87 env_step=174000 gradient_step=10875 train_rew=0.236563 train_len=22 n_ep=0 n_st=16 loss=0.001431 loss_clip=0.000859 loss_ent=0.842255 loss_vf=0.002828 test_reward=0.385233 test_reward_std=0.115923 best_reward=0.418107 best_reward_std=0.094384 best_epoch=65
epoch=88 env_step=176000 gradient_step=11000 train_rew=0.407403 train_len=28 n_ep=0 n_st=16 loss=0.000269 loss_clip=0.000007 loss_ent=0.874625 loss_vf=0.002273 test_reward=0.332537 test_reward_std=0.085040 best_reward=0.418107 best_reward_std=0.094384 best_epoch=65
epoch=89 env_step=178000 gradient_step=11125 train_rew=0.264386 train_len=24 n_ep=2 n_st=16 loss=0.000915 loss_clip=0.000792 loss_ent=0.938409 loss_vf=0.002122 test_reward=0.364311 test_reward_std=0.085229 best_reward=0.418107 best_reward_std=0.094384 best_epoch=65
epoch=90 env_step=180000 gradient_step=11250 train_rew=0.293344 train_len=26 n_ep=2 n_st=16 loss=0.000925 loss_clip=0.000619 loss_ent=0.889257 loss_vf=0.002391 test_reward=0.341250 test_reward_std=0.081237 best_reward=0.418107 best_reward_std=0.094384 best_epoch=65
epoch=91 env_step=182000 gradient_step=11375 train_rew=0.367793 train_len=39 n_ep=0 n_st=16 loss=0.000439 loss_clip=0.000245 loss_ent=0.868883 loss_vf=0.002125 test_reward=0.347598 test_reward_std=0.126639 best_reward=0.418107 best_reward_std=0.094384 best_epoch=65
epoch=92 env_step=184000 gradient_step=11500 train_rew=0.245595 train_len=26 n_ep=1 n_st=16 loss=-0.000056 loss_clip=-0.000107 loss_ent=0.889706 loss_vf=0.001881 test_reward=0.400972 test_reward_std=0.080869 best_reward=0.418107 best_reward_std=0.094384 best_epoch=65
epoch=93 env_step=186000 gradient_step=11625 train_rew=0.473916 train_len=30 n_ep=1 n_st=16 loss=-0.000023 loss_clip=-0.000380 loss_ent=0.880210 loss_vf=0.002475 test_reward=0.347089 test_reward_std=0.098691 best_reward=0.418107 best_reward_std=0.094384 best_epoch=65
epoch=94 env_step=188000 gradient_step=11750 train_rew=0.104891 train_len=18 n_ep=0 n_st=16 loss=0.001744 loss_clip=0.000820 loss_ent=0.959397 loss_vf=0.003767 test_reward=0.358825 test_reward_std=0.094041 best_reward=0.418107 best_reward_std=0.094384 best_epoch=65
epoch=95 env_step=190000 gradient_step=11875 train_rew=0.461713 train_len=22 n_ep=0 n_st=16 loss=-0.001335 loss_clip=-0.001190 loss_ent=0.915143 loss_vf=0.001540 test_reward=0.308888 test_reward_std=0.111781 best_reward=0.418107 best_reward_std=0.094384 best_epoch=65
epoch=96 env_step=192000 gradient_step=12000 train_rew=0.351752 train_len=28 n_ep=0 n_st=16 loss=0.000025 loss_clip=0.000168 loss_ent=0.920339 loss_vf=0.001554 test_reward=0.308208 test_reward_std=0.104913 best_reward=0.418107 best_reward_std=0.094384 best_epoch=65
epoch=97 env_step=194000 gradient_step=12125 train_rew=0.237152 train_len=19 n_ep=0 n_st=16 loss=-0.000125 loss_clip=-0.000003 loss_ent=0.925565 loss_vf=0.001607 test_reward=0.374290 test_reward_std=0.081527 best_reward=0.418107 best_reward_std=0.094384 best_epoch=65
epoch=98 env_step=196000 gradient_step=12250 train_rew=0.352722 train_len=31 n_ep=1 n_st=16 loss=0.000391 loss_clip=0.000509 loss_ent=0.932827 loss_vf=0.001631 test_reward=0.372058 test_reward_std=0.133789 best_reward=0.418107 best_reward_std=0.094384 best_epoch=65
epoch=99 env_step=198000 gradient_step=12375 train_rew=0.273633 train_len=28 n_ep=1 n_st=16 loss=-0.000137 loss_clip=0.000080 loss_ent=0.925649 loss_vf=0.001417 test_reward=0.350265 test_reward_std=0.091767 best_reward=0.418107 best_reward_std=0.094384 best_epoch=65
epoch=100 env_step=200000 gradient_step=12500 train_rew=0.377643 train_len=22 n_ep=0 n_st=16 loss=0.001900 loss_clip=0.002047 loss_ent=0.934203 loss_vf=0.001575 test_reward=0.301782 test_reward_std=0.107179 best_reward=0.418107 best_reward_std=0.094384 best_epoch=65
final_test episodes=1000 ratio=0.622278 ratio_std=0.106259 total=24.195000 cog=(3.8301,3.9982,4.1281) imbalance=0.2237 fragility_violated_rate=0.0000
