epoch=1 env_step=2000 gradient_step=125 train_rew=-0.064316 train_len=22 n_ep=2 n_st=16 loss=0.493473 loss_clip=-0.012810 loss_ent=1.058563 loss_vf=1.014682 test_reward=-0.574934 test_reward_std=0.238021 best_reward=-0.456915 best_reward_std=0.266302 best_epoch=0
epoch=2 env_step=4000 gradient_step=250 train_rew=-0.676575 train_len=25 n_ep=2 n_st=16 loss=0.080219 loss_clip=-0.002785 loss_ent=1.054526 loss_vf=0.168117 test_reward=-0.357775 test_reward_std=0.175545 best_reward=-0.357775 best_reward_std=0.175545 best_epoch=2
epoch=3 env_step=6000 gradient_step=375 train_rew=-0.646138 train_len=28 n_ep=0 n_st=16 loss=0.070424 loss_clip=-0.001549 loss_ent=0.887239 loss_vf=0.145720 test_reward=-0.491125 test_reward_std=0.315041 best_reward=-0.357775 best_reward_std=0.175545 best_epoch=2
epoch=4 env_step=8000 gradient_step=500 train_rew=-0.732962 train_len=27 n_ep=1 n_st=16 loss=0.011036 loss_clip=0.000387 loss_ent=0.963219 loss_vf=0.023225 test_reward=-0.459472 test_reward_std=0.273247 best_reward=-0.357775 best_reward_std=0.175545 best_epoch=2
epoch=5 env_step=10000 gradient_step=625 train_rew=-0.625264 train_len=14 n_ep=0 n_st=16 loss=0.019135 loss_clip=0.001663 loss_ent=1.005428 loss_vf=0.036955 test_reward=-0.513578 test_reward_std=0.221356 best_reward=-0.357775 best_reward_std=0.175545 best_epoch=2
epoch=6 env_step=12000 gradient_step=750 train_rew=-0.642076 train_len=18 n_ep=1 n_st=16 loss=0.026497 loss_clip=-0.002153 loss_ent=1.247539 loss_vf=0.059793 test_reward=-0.471667 test_reward_std=0.178362 best_reward=-0.357775 best_reward_std=0.175545 best_epoch=2
epoch=7 env_step=14000 gradient_step=875 train_rew=-0.880718 train_len=27 n_ep=0 n_st=16 loss=0.219773 loss_clip=0.000231 loss_ent=1.227933 loss_vf=0.441538 test_reward=-0.423303 test_reward_std=0.210598 best_reward=-0.357775 best_reward_std=0.175545 best_epoch=2
epoch=8 env_step=16000 gradient_step=1000 train_rew=-0.373254 train_len=22 n_ep=0 n_st=16 loss=0.011484 loss_clip=-0.004109 loss_ent=1.119696 loss_vf=0.033425 test_reward=-0.484290 test_reward_std=0.187228 best_reward=-0.357775 best_reward_std=0.175545 best_epoch=2
epoch=9 env_step=18000 gradient_step=1125 train_rew=-0.395365 train_len=23 n_ep=0 n_st=16 loss=0.009249 loss_clip=-0.003066 loss_ent=1.155307 loss_vf=0.026942 test_reward=-0.396824 test_reward_std=0.197260 best_reward=-0.357775 best_reward_std=0.175545 best_epoch=2
epoch=10 env_step=20000 gradient_step=1250 train_rew=-0.714170 train_len=32 n_ep=2 n_st=16 loss=0.028648 loss_clip=-0.001132 loss_ent=1.278490 loss_vf=0.062117 test_reward=-0.514935 test_reward_std=0.322255 best_reward=-0.357775 best_reward_std=0.175545 best_epoch=2
epoch=11 env_step=22000 gradient_step=1375 train_rew=-0.139028 train_len=20 n_ep=2 n_st=16 loss=0.015593 loss_clip=0.001671 loss_ent=1.144725 loss_vf=0.030132 test_reward=-0.568862 test_reward_std=0.149171 best_reward=-0.357775 best_reward_std=0.175545 best_epoch=2
epoch=12 env_step=24000 gradient_step=1500 train_rew=-0.349517 train_len=14 n_ep=1 n_st=16 loss=0.003709 loss_clip=-0.002369 loss_ent=1.040848 loss_vf=0.014237 test_reward=-0.428898 test_reward_std=0.192467 best_reward=-0.357775 best_reward_std=0.175545 best_epoch=2
epoch=13 env_step=26000 gradient_step=1625 train_rew=-0.309169 train_len=20 n_ep=0 n_st=16 loss=0.016119 loss_clip=0.002816 loss_ent=1.091565 loss_vf=0.028790 test_reward=-0.381171 test_reward_std=0.257501 best_reward=-0.357775 best_reward_std=0.175545 best_epoch=2
epoch=14 env_step=28000 gradient_step=1750 train_rew=-0.436973 train_len=23 n_ep=1 n_st=16 loss=0.054855 loss_clip=0.005602 loss_ent=1.324559 loss_vf=0.101154 test_reward=-0.430242 test_reward_std=0.181975 best_reward=-0.357775 best_reward_std=0.175545 best_epoch=2
epoch=15 env_step=30000 gradient_step=1875 train_rew=-0.308656 train_len=19 n_ep=1 n_st=16 loss=0.019574 loss_clip=-0.000744 loss_ent=1.095622 loss_vf=0.042828 test_reward=-0.460307 test_reward_std=0.177033 best_reward=-0.357775 best_reward_std=0.175545 best_epoch=2
epoch=16 env_step=32000 gradient_step=2000 train_rew=-0.532786 train_len=20 n_ep=1 n_st=16 loss=0.005271 loss_clip=0.001792 loss_ent=1.078060 loss_vf=0.009114 test_reward=-0.490084 test_reward_std=0.190650 best_reward=-0.357775 best_reward_std=0.175545 best_epoch=2
epoch=17 env_step=34000 gradient_step=2125 train_rew=-0.374001 train_len=23 n_ep=1 n_st=16 loss=0.010320 loss_clip=-0.000541 loss_ent=1.199878 loss_vf=0.024120 test_reward=-0.467097 test_reward_std=0.265216 best_reward=-0.357775 best_reward_std=0.175545 best_epoch=2
epoch=18 env_step=36000 gradient_step=2250 train_rew=-0.274202 train_len=23 n_ep=0 n_st=16 loss=0.034523 loss_clip=0.000370 loss_ent=1.244207 loss_vf=0.070794 test_reward=-0.513130 test_reward_std=0.206323 best_reward=-0.357775 best_reward_std=0.175545 best_epoch=2
epoch=19 env_step=38000 gradient_step=2375 train_rew=-0.481543 train_len=16 n_ep=1 n_st=16 loss=0.006420 loss_clip=-0.001346 loss_ent=0.939071 loss_vf=0.017410 test_reward=-0.342944 test_reward_std=0.201980 best_reward=-0.342944 best_reward_std=0.201980 best_epoch=19
epoch=20 env_step=40000 gradient_step=2500 train_rew=-0.229752 train_len=16 n_ep=0 n_st=16 loss=0.004867 loss_clip=0.000318 loss_ent=0.805556 loss_vf=0.010708 test_reward=-0.451278 test_reward_std=0.173843 best_reward=-0.342944 best_reward_std=0.201980 best_epoch=19
epoch=21 env_step=42000 gradient_step=2625 train_rew=-0.448388 train_len=21 n_ep=0 n_st=16 loss=0.006081 loss_clip=0.000300 loss_ent=0.712106 loss_vf=0.012985 test_reward=-0.345167 test_reward_std=0.158521 best_reward=-0.342944 best_reward_std=0.201980 best_epoch=19
epoch=22 env_step=44000 gradient_step=2750 train_rew=-0.884056 train_len=27 n_ep=1 n_st=16 loss=0.007129 loss_clip=0.000316 loss_ent=0.738936 loss_vf=0.015103 test_reward=-0.482700 test_reward_std=0.181389 best_reward=-0.342944 best_reward_std=0.201980 best_epoch=19
epoch=23 env_step=46000 gradient_step=2875 train_rew=-0.414417 train_len=25 n_ep=2 n_st=16 loss=0.007094 loss_clip=0.000126 loss_ent=0.743192 loss_vf=0.015423 test_reward=-0.521774 test_reward_std=0.214481 best_reward=-0.342944 best_reward_std=0.201980 best_epoch=19
epoch=24 env_step=48000 gradient_step=3000 train_rew=-0.407711 train_len=13 n_ep=1 n_st=16 loss=0.022413 loss_clip=0.002214 loss_ent=0.775923 loss_vf=0.041950 test_reward=-0.386249 test_reward_std=0.109833 best_reward=-0.342944 best_reward_std=0.201980 best_epoch=19
epoch=25 env_step=50000 gradient_step=3125 train_rew=-0.070380 train_len=15 n_ep=0 n_st=16 loss=0.017543 loss_clip=0.002737 loss_ent=1.238524 loss_vf=0.032089 test_reward=-0.462055 test_reward_std=0.345701 best_reward=-0.342944 best_reward_std=0.201980 best_epoch=19
epoch=26 env_step=52000 gradient_step=3250 train_rew=-0.221261 train_len=23 n_ep=2 n_st=16 loss=0.008983 loss_clip=0.000318 loss_ent=1.053630 loss_vf=0.019437 test_reward=-0.527880 test_reward_std=0.147421 best_reward=-0.342944 best_reward_std=0.201980 best_epoch=19
epoch=27 env_step=54000 gradient_step=3375 train_rew=-0.229431 train_len=23 n_ep=1 n_st=16 loss=0.036648 loss_clip=0.003561 loss_ent=1.382086 loss_vf=0.068937 test_reward=-0.489290 test_reward_std=0.191491 best_reward=-0.342944 best_reward_std=0.201980 best_epoch=19
epoch=28 env_step=56000 gradient_step=3500 train_rew=-0.556080 train_len=23 n_ep=0 n_st=16 loss=0.052585 loss_clip=-0.001160 loss_ent=1.755091 loss_vf=0.111001 test_reward=-0.335398 test_reward_std=0.170697 best_reward=-0.335398 best_reward_std=0.170697 best_epoch=28
epoch=29 env_step=58000 gradient_step=3625 train_rew=-0.594925 train_len=13 n_ep=1 n_st=16 loss=0.062669 loss_clip=-0.002301 loss_ent=1.304684 loss_vf=0.132550 test_reward=-0.554246 test_reward_std=0.187533 best_reward=-0.335398 best_reward_std=0.170697 best_epoch=28
epoch=30 env_step=60000 gradient_step=3750 train_rew=-0.645849 train_len=25 n_ep=2 n_st=16 loss=0.014684 loss_clip=0.001929 loss_ent=1.015981 loss_vf=0.027543 test_reward=-0.479827 test_reward_std=0.248874 best_reward=-0.335398 best_reward_std=0.170697 best_epoch=28
epoch=31 env_step=62000 gradient_step=3875 train_rew=-0.429305 train_len=16 n_ep=1 n_st=16 loss=0.005532 loss_clip=0.002456 loss_ent=1.017207 loss_vf=0.008186 test_reward=-0.641578 test_reward_std=0.125182 best_reward=-0.335398 best_reward_std=0.170697 best_epoch=28
epoch=32 env_step=64000 gradient_step=4000 train_rew=-0.600193 train_len=23 n_ep=1 n_st=16 loss=0.003402 loss_clip=0.001243 loss_ent=1.101980 loss_vf=0.006522 test_reward=-0.325641 test_reward_std=0.131665 best_reward=-0.325641 best_reward_std=0.131665 best_epoch=32
epoch=33 env_step=66000 gradient_step=4125 train_rew=-0.268957 train_len=23 n_ep=2 n_st=16 loss=0.001925 loss_clip=0.000010 loss_ent=1.067735 loss_vf=0.005966 test_reward=-0.510844 test_reward_std=0.242663 best_reward=-0.325641 best_reward_std=0.131665 best_epoch=32
epoch=34 env_step=68000 gradient_step=4250 train_rew=-0.490790 train_len=26 n_ep=0 n_st=16 loss=0.009977 loss_clip=0.001685 loss_ent=1.009358 loss_vf=0.018602 test_reward=-0.568597 test_reward_std=0.232981 best_reward=-0.325641 best_reward_std=0.131665 best_epoch=32
epoch=35 env_step=70000 gradient_step=4375 train_rew=-0.507698 train_len=26 n_ep=0 n_st=16 loss=0.008093 loss_clip=0.001775 loss_ent=1.094778 loss_vf=0.014826 test_reward=-0.385555 test_reward_std=0.178868 best_reward=-0.325641 best_reward_std=0.131665 best_epoch=32
epoch=36 env_step=72000 gradient_step=4500 train_rew=-0.006170 train_len=25 n_ep=1 n_st=16 loss=0.004807 loss_clip=-0.000068 loss_ent=1.123167 loss_vf=0.011997 test_reward=-0.411898 test_reward_std=0.278765 best_reward=-0.325641 best_reward_std=0.131665 best_epoch=32
epoch=37 env_step=74000 gradient_step=4625 train_rew=-0.206503 train_len=12 n_ep=1 n_st=16 loss=0.005208 loss_clip=-0.001360 loss_ent=1.147739 loss_vf=0.015433 test_reward=-0.413657 test_reward_std=0.301431 best_reward=-0.325641 best_reward_std=0.131665 best_epoch=32
epoch=38 env_step=76000 gradient_step=4750 train_rew=-0.277793 train_len=22 n_ep=0 n_st=16 loss=0.001572 loss_clip=-0.000004 loss_ent=1.177852 loss_vf=0.005508 test_reward=-0.433608 test_reward_std=0.216234 best_reward=-0.325641 best_reward_std=0.131665 best_epoch=32
epoch=39 env_step=78000 gradient_step=4875 train_rew=-0.487421 train_len=20 n_ep=0 n_st=16 loss=0.002676 loss_clip=0.000941 loss_ent=1.431127 loss_vf=0.006332 test_reward=-0.312892 test_reward_std=0.215060 best_reward=-0.312892 best_reward_std=0.215060 best_epoch=39
epoch=40 env_step=80000 gradient_step=5000 train_rew=-0.418314 train_len=17 n_ep=0 n_st=16 loss=0.004679 loss_clip=0.001303 loss_ent=1.462868 loss_vf=0.009679 test_reward=-0.352370 test_reward_std=0.162994 best_reward=-0.312892 best_reward_std=0.215060 best_epoch=39
epoch=41 env_step=82000 gradient_step=5125 train_rew=-0.197704 train_len=14 n_ep=0 n_st=16 loss=0.004286 loss_clip=0.001417 loss_ent=1.503030 loss_vf=0.008746 test_reward=-0.386031 test_reward_std=0.133185 best_reward=-0.312892 best_reward_std=0.215060 best_epoch=39
epoch=42 env_step=84000 gradient_step=5250 train_rew=-0.570519 train_len=29 n_ep=0 n_st=16 loss=0.057862 loss_clip=-0.000042 loss_ent=1.419802 loss_vf=0.118649 test_reward=-0.316054 test_reward_std=0.120074 best_reward=-0.312892 best_reward_std=0.215060 best_epoch=39
epoch=43 env_step=86000 gradient_step=5375 train_rew=-0.353492 train_len=31 n_ep=1 n_st=16 loss=0.032940 loss_clip=-0.003122 loss_ent=1.624656 loss_vf=0.075372 test_reward=-0.354303 test_reward_std=0.129678 best_reward=-0.312892 best_reward_std=0.215060 best_epoch=39
epoch=44 env_step=88000 gradient_step=5500 train_rew=-0.536109 train_len=20 n_ep=0 n_st=16 loss=0.010895 loss_clip=0.000943 loss_ent=1.597732 loss_vf=0.023100 test_reward=-0.415717 test_reward_std=0.205648 best_reward=-0.312892 best_reward_std=0.215060 best_epoch=39
epoch=45 env_step=90000 gradient_step=5625 train_rew=-0.307125 train_len=10 n_ep=2 n_st=16 loss=0.010958 loss_clip=0.001030 loss_ent=1.390553 loss_vf=0.022638 test_reward=-0.258439 test_reward_std=0.154257 best_reward=-0.258439 best_reward_std=0.154257 best_epoch=45
epoch=46 env_step=92000 gradient_step=5750 train_rew=-0.279640 train_len=18 n_ep=1 n_st=16 loss=-0.000692 loss_clip=-0.001806 loss_ent=1.396425 loss_vf=0.005019 test_reward=-0.355118 test_reward_std=0.179611 best_reward=-0.258439 best_reward_std=0.154257 best_epoch=45
epoch=47 env_step=94000 gradient_step=5875 train_rew=-0.241373 train_len=23 n_ep=0 n_st=16 loss=0.001598 loss_clip=-0.000041 loss_ent=1.533719 loss_vf=0.006346 test_reward=-0.257980 test_reward_std=0.178275 best_reward=-0.257980 best_reward_std=0.178275 best_epoch=47
epoch=48 env_step=96000 gradient_step=6000 train_rew=-0.545033 train_len=26 n_ep=1 n_st=16 loss=0.006005 loss_clip=0.001963 loss_ent=1.619583 loss_vf=0.011323 test_reward=-0.332265 test_reward_std=0.320793 best_reward=-0.257980 best_reward_std=0.178275 best_epoch=47
epoch=49 env_step=98000 gradient_step=6125 train_rew=-0.535174 train_len=23 n_ep=0 n_st=16 loss=0.005563 loss_clip=0.001522 loss_ent=1.544827 loss_vf=0.011173 test_reward=-0.332837 test_reward_std=0.277414 best_reward=-0.257980 best_reward_std=0.178275 best_epoch=47
epoch=50 env_step=100000 gradient_step=6250 train_rew=-0.133413 train_len=17 n_ep=2 n_st=16 loss=0.000470 loss_clip=-0.000219 loss_ent=1.505543 loss_vf=0.004389 test_reward=-0.404649 test_reward_std=0.163613 best_reward=-0.257980 best_reward_std=0.178275 best_epoch=47
epoch=51 env_step=102000 gradient_step=6375 train_rew=0.054413 train_len=19 n_ep=1 n_st=16 loss=0.011356 loss_clip=0.001445 loss_ent=1.427458 loss_vf=0.022676 test_reward=-0.422553 test_reward_std=0.189738 best_reward=-0.257980 best_reward_std=0.178275 best_epoch=47
epoch=52 env_step=104000 gradient_step=6500 train_rew=-0.167747 train_len=22 n_ep=1 n_st=16 loss=0.002545 loss_clip=-0.000054 loss_ent=1.295657 loss_vf=0.007790 test_reward=-0.405150 test_reward_std=0.116574 best_reward=-0.257980 best_reward_std=0.178275 best_epoch=47
epoch=53 env_step=106000 gradient_step=6625 train_rew=-0.359990 train_len=20 n_ep=0 n_st=16 loss=0.001893 loss_clip=-0.000433 loss_ent=1.360544 loss_vf=0.007374 test_reward=-0.273616 test_reward_std=0.221436 best_reward=-0.257980 best_reward_std=0.178275 best_epoch=47
epoch=54 env_step=108000 gradient_step=6750 train_rew=-0.544124 train_len=21 n_ep=1 n_st=16 loss=0.015767 loss_clip=-0.001240 loss_ent=1.464988 loss_vf=0.036944 test_reward=-0.241928 test_reward_std=0.160018 best_reward=-0.241928 best_reward_std=0.160018 best_epoch=54
epoch=55 env_step=110000 gradient_step=6875 train_rew=-0.280308 train_len=21 n_ep=0 n_st=16 loss=0.001735 loss_clip=-0.001643 loss_ent=1.387494 loss_vf=0.009531 test_reward=-0.338254 test_reward_std=0.207942 best_reward=-0.241928 best_reward_std=0.160018 best_epoch=54
epoch=56 env_step=112000 gradient_step=7000 train_rew=-0.409376 train_len=15 n_ep=0 n_st=16 loss=0.001992 loss_clip=0.000993 loss_ent=1.333170 loss_vf=0.004664 test_reward=-0.260787 test_reward_std=0.176150 best_reward=-0.241928 best_reward_std=0.160018 best_epoch=54
epoch=57 env_step=114000 gradient_step=7125 train_rew=-0.389843 train_len=15 n_ep=1 n_st=16 loss=0.005084 loss_clip=0.002840 loss_ent=1.324370 loss_vf=0.007136 test_reward=-0.290737 test_reward_std=0.129795 best_reward=-0.241928 best_reward_std=0.160018 best_epoch=54
epoch=58 env_step=116000 gradient_step=7250 train_rew=-0.448152 train_len=17 n_ep=0 n_st=16 loss=0.001795 loss_clip=0.001374 loss_ent=1.245517 loss_vf=0.003333 test_reward=-0.277774 test_reward_std=0.229707 best_reward=-0.241928 best_reward_std=0.160018 best_epoch=54
epoch=59 env_step=118000 gradient_step=7375 train_rew=-0.467847 train_len=28 n_ep=1 n_st=16 loss=0.002627 loss_clip=0.000373 loss_ent=1.286167 loss_vf=0.007081 test_reward=-0.213899 test_reward_std=0.151299 best_reward=-0.213899 best_reward_std=0.151299 best_epoch=59
epoch=60 env_step=120000 gradient_step=7500 train_rew=-0.281423 train_len=16 n_ep=1 n_st=16 loss=0.002719 loss_clip=-0.000224 loss_ent=1.357677 loss_vf=0.008600 test_reward=-0.216861 test_reward_std=0.173799 best_reward=-0.213899 best_reward_std=0.151299 best_epoch=59
epoch=61 env_step=122000 gradient_step=7625 train_rew=-0.490696 train_len=15 n_ep=1 n_st=16 loss=0.005965 loss_clip=0.000976 loss_ent=1.264525 loss_vf=0.012507 test_reward=-0.334510 test_reward_std=0.168028 best_reward=-0.213899 best_reward_std=0.151299 best_epoch=59
epoch=62 env_step=124000 gradient_step=7750 train_rew=-0.105313 train_len=21 n_ep=0 n_st=16 loss=0.005405 loss_clip=0.002412 loss_ent=1.206413 loss_vf=0.008398 test_reward=-0.212498 test_reward_std=0.148041 best_reward=-0.212498 best_reward_std=0.148041 best_epoch=62
epoch=63 env_step=126000 gradient_step=7875 train_rew=-0.235603 train_len=21 n_ep=1 n_st=16 loss=0.001518 loss_clip=-0.000551 loss_ent=1.170568 loss_vf=0.006478 test_reward=-0.249596 test_reward_std=0.181036 best_reward=-0.212498 best_reward_std=0.148041 best_epoch=62
epoch=64 env_step=128000 gradient_step=8000 train_rew=-0.402353 train_len=12 n_ep=0 n_st=16 loss=0.005084 loss_clip=0.001687 loss_ent=1.015439 loss_vf=0.008825 test_reward=-0.211170 test_reward_std=0.211029 best_reward=-0.211170 best_reward_std=0.211029 best_epoch=64
epoch=65 env_step=130000 gradient_step=8125 train_rew=-0.494414 train_len=17 n_ep=1 n_st=16 loss=0.003646 loss_clip=0.001739 loss_ent=0.970767 loss_vf=0.005754 test_reward=-0.233028 test_reward_std=0.245771 best_reward=-0.211170 best_reward_std=0.211029 best_epoch=64
epoch=66 env_step=132000 gradient_step=8250 train_rew=-0.404029 train_len=22 n_ep=1 n_st=16 loss=0.001205 loss_clip=0.000196 loss_ent=1.011799 loss_vf=0.004042 test_reward=-0.373695 test_reward_std=0.236961 best_reward=-0.211170 best_reward_std=0.211029 best_epoch=64
epoch=67 env_step=134000 gradient_step=8375 train_rew=-0.187510 train_len=19 n_ep=1 n_st=16 loss=0.000555 loss_clip=-0.001229 loss_ent=1.039956 loss_vf=0.005647 test_reward=-0.266489 test_reward_std=0.240741 best_reward=-0.211170 best_reward_std=0.211029 best_epoch=64
epoch=68 env_step=136000 gradient_step=8500 train_rew=-0.315981 train_len=26 n_ep=0 n_st=16 loss=0.001855 loss_clip=-0.000371 loss_ent=0.972817 loss_vf=0.006399 test_reward=-0.249135 test_reward_std=0.132558 best_reward=-0.211170 best_reward_std=0.211029 best_epoch=64
epoch=69 env_step=138000 gradient_step=8625 train_rew=-0.193097 train_len=27 n_ep=0 n_st=16 loss=0.008455 loss_clip=0.001306 loss_ent=0.878334 loss_vf=0.016054 test_reward=-0.188776 test_reward_std=0.111698 best_reward=-0.188776 best_reward_std=0.111698 best_epoch=69
epoch=70 env_step=140000 gradient_step=8750 train_rew=-0.132327 train_len=16 n_ep=1 n_st=16 loss=0.002112 loss_clip=-0.001905 loss_ent=0.847711 loss_vf=0.009729 test_reward=-0.312144 test_reward_std=0.203823 best_reward=-0.188776 best_reward_std=0.111698 best_epoch=69
epoch=71 env_step=142000 gradient_step=8875 train_rew=-0.248931 train_len=30 n_ep=1 n_st=16 loss=0.001078 loss_clip=-0.000864 loss_ent=0.861333 loss_vf=0.005608 test_reward=-0.283651 test_reward_std=0.236761 best_reward=-0.188776 best_reward_std=0.111698 best_epoch=69
epoch=72 env_step=144000 gradient_step=9000 train_rew=-0.486467 train_len=23 n_ep=1 n_st=16 loss=0.000973 loss_clip=0.000090 loss_ent=0.913892 loss_vf=0.003593 test_reward=-0.207249 test_reward_std=0.179693 best_reward=-0.188776 best_reward_std=0.111698 best_epoch=69
epoch=73 env_step=146000 gradient_step=9125 train_rew=-0.169863 train_len=11 n_ep=1 n_st=16 loss=0.004700 loss_clip=0.000978 loss_ent=0.931724 loss_vf=0.009307 test_reward=-0.228379 test_reward_std=0.079979 best_reward=-0.188776 best_reward_std=0.111698 best_epoch=69
epoch=74 env_step=148000 gradient_step=9250 train_rew=-0.092886 train_len=20 n_ep=1 n_st=16 loss=0.004097 loss_clip=0.001701 loss_ent=0.896778 loss_vf=0.006587 test_reward=-0.320346 test_reward_std=0.171704 best_reward=-0.188776 best_reward_std=0.111698 best_epoch=69
epoch=75 env_step=150000 gradient_step=9375 train_rew=-0.334846 train_len=16 n_ep=2 n_st=16 loss=0.001587 loss_clip=0.000343 loss_ent=0.895332 loss_vf=0.004279 test_reward=-0.191377 test_reward_std=0.207428 best_reward=-0.188776 best_reward_std=0.111698 best_epoch=69
epoch=76 env_step=152000 gradient_step=9500 train_rew=-0.072504 train_len=25 n_ep=1 n_st=16 loss=0.003547 loss_clip=0.002489 loss_ent=0.890859 loss_vf=0.003897 test_reward=-0.267446 test_reward_std=0.186781 best_reward=-0.188776 best_reward_std=0.111698 best_epoch=69
epoch=77 env_step=154000 gradient_step=9625 train_rew=-0.109566 train_len=25 n_ep=1 n_st=16 loss=0.001227 loss_clip=0.000327 loss_ent=0.899930 loss_vf=0.003599 test_reward=-0.285660 test_reward_std=0.144204 best_reward=-0.188776 best_reward_std=0.111698 best_epoch=69
epoch=78 env_step=156000 gradient_step=9750 train_rew=-0.368643 train_len=17 n_ep=1 n_st=16 loss=0.001209 loss_clip=-0.000375 loss_ent=0.939410 loss_vf=0.005046 test_reward=-0.287592 test_reward_std=0.158707 best_reward=-0.188776 best_reward_std=0.111698 best_epoch=69
epoch=79 env_step=158000 gradient_step=9875 train_rew=-0.159810 train_len=19 n_ep=1 n_st=16 loss=0.000507 loss_clip=-0.000337 loss_ent=0.885117 loss_vf=0.003460 test_reward=-0.317750 test_reward_std=0.121425 best_reward=-0.188776 best_reward_std=0.111698 best_epoch=69
epoch=80 env_step=160000 gradient_step=10000 train_rew=-0.179015 train_len=18 n_ep=0 n_st=16 loss=0.000310 loss_clip=-0.000960 loss_ent=0.881456 loss_vf=0.004302 test_reward=-0.259652 test_reward_std=0.183821 best_reward=-0.188776 best_reward_std=0.111698 best_epoch=69
epoch=81 env_step=162000 gradient_step=10125 train_rew=-0.279959 train_len=22 n_ep=0 n_st=16 loss=0.001386 loss_clip=-0.002046 loss_ent=0.837740 loss_vf=0.008540 test_reward=-0.264182 test_reward_std=0.152484 best_reward=-0.188776 best_reward_std=0.111698 best_epoch=69
epoch=82 env_step=164000 gradient_step=10250 train_rew=-0.040038 train_len=32 n_ep=0 n_st=16 loss=0.001932 loss_clip=-0.001815 loss_ent=0.850060 loss_vf=0.009193 test_reward=-0.137155 test_reward_std=0.132485 best_reward=-0.137155 best_reward_std=0.132485 best_epoch=82
epoch=83 env_step=166000 gradient_step=10375 train_rew=0.058069 train_len=20 n_ep=0 n_st=16 loss=0.000200 loss_clip=-0.001320 loss_ent=0.779945 loss_vf=0.004601 test_reward=-0.301813 test_reward_std=0.125185 best_reward=-0.137155 best_reward_std=0.132485 best_epoch=82
epoch=84 env_step=168000 gradient_step=10500 train_rew=-0.154013 train_len=20 n_ep=2 n_st=16 loss=-0.000899 loss_clip=-0.002379 loss_ent=0.823676 loss_vf=0.004609 test_reward=-0.289835 test_reward_std=0.200714 best_reward=-0.137155 best_reward_std=0.132485 best_epoch=82
epoch=85 env_step=170000 gradient_step=10625 train_rew=-0.542898 train_len=26 n_ep=2 n_st=16 loss=0.004501 loss_clip=0.001252 loss_ent=0.811300 loss_vf=0.008121 test_reward=-0.282199 test_reward_std=0.171511 best_reward=-0.137155 best_reward_std=0.132485 best_epoch=82
epoch=86 env_step=172000 gradient_step=10750 train_rew=-0.253579 train_len=8 n_ep=0 n_st=16 loss=0.001294 loss_clip=-0.002112 loss_ent=0.769021 loss_vf=0.008350 test_reward=-0.306328 test_reward_std=0.246620 best_reward=-0.137155 best_reward_std=0.132485 best_epoch=82
epoch=87 env_step=174000 gradient_step=10875 train_rew=-0.551141 train_len=26 n_ep=1 n_st=16 loss=0.002015 loss_clip=0.000391 loss_ent=0.719605 loss_vf=0.004688 test_reward=-0.332748 test_reward_std=0.209934 best_reward=-0.137155 best_reward_std=0.132485 best_epoch=82
epoch=88 env_step=176000 gradient_step=11000 train_rew=-0.735061 train_len=30 n_ep=0 n_st=16 loss=0.003441 loss_clip=0.002324 loss_ent=0.738630 loss_vf=0.003713 test_reward=-0.161602 test_reward_std=0.155989 best_reward=-0.137155 best_reward_std=0.132485 best_epoch=82
epoch=89 env_step=178000 gradient_step=11125 train_rew=-0.168125 train_len=20 n_ep=1 n_st=16 loss=-0.000278 loss_clip=-0.001339 loss_ent=0.715772 loss_vf=0.003553 test_reward=-0.280525 test_reward_std=0.066719 best_reward=-0.137155 best_reward_std=0.132485 best_epoch=82
epoch=90 env_step=180000 gradient_step=11250 train_rew=0.033217 train_len=21 n_ep=0 n_st=16 loss=0.002029 loss_clip=0.000942 loss_ent=0.723298 loss_vf=0.003622 test_reward=-0.241645 test_reward_std=0.154887 best_reward=-0.137155 best_reward_std=0.132485 best_epoch=82
epoch=91 env_step=182000 gradient_step=11375 train_rew=-0.444822 train_len=23 n_ep=0 n_st=16 loss=0.001434 loss_clip=0.000272 loss_ent=0.745984 loss_vf=0.003815 test_reward=-0.233075 test_reward_std=0.164828 best_reward=-0.137155 best_reward_std=0.132485 best_epoch=82
epoch=92 env_step=184000 gradient_step=11500 train_rew=-0.224912 train_len=26 n_ep=1 n_st=16 loss=0.001170 loss_clip=0.000344 loss_ent=0.723916 loss_vf=0.003101 test_reward=-0.115393 test_reward_std=0.175981 best_reward=-0.115393 best_reward_std=0.175981 best_epoch=92
epoch=93 env_step=186000 gradient_step=11625 train_rew=-0.427060 train_len=24 n_ep=1 n_st=16 loss=0.001241 loss_clip=0.000638 loss_ent=0.733224 loss_vf=0.002673 test_reward=-0.175642 test_reward_std=0.170555 best_reward=-0.115393 best_reward_std=0.175981 best_epoch=92
epoch=94 env_step=188000 gradient_step=11750 train_rew=-0.010871 train_len=19 n_ep=0 n_st=16 loss=0.000894 loss_clip=0.000393 loss_ent=0.730630 loss_vf=0.002462 test_reward=-0.186980 test_reward_std=0.227043 best_reward=-0.115393 best_reward_std=0.175981 best_epoch=92
epoch=95 env_step=190000 gradient_step=11875 train_rew=-0.113092 train_len=18 n_ep=0 n_st=16 loss=-0.002655 loss_clip=-0.003029 loss_ent=0.754849 loss_vf=0.002258 test_reward=-0.270213 test_reward_std=0.159693 best_reward=-0.115393 best_reward_std=0.175981 best_epoch=92
epoch=96 env_step=192000 gradient_step=12000 train_rew=-0.306233 train_len=23 n_ep=0 n_st=16 loss=0.000162 loss_clip=-0.000570 loss_ent=0.744967 loss_vf=0.002954 test_reward=-0.210489 test_reward_std=0.228232 best_reward=-0.115393 best_reward_std=0.175981 best_epoch=92
epoch=97 env_step=194000 gradient_step=12125 train_rew=-0.202010 train_len=18 n_ep=0 n_st=16 loss=0.000262 loss_clip=-0.000173 loss_ent=0.758773 loss_vf=0.002386 test_reward=-0.223979 test_reward_std=0.114706 best_reward=-0.115393 best_reward_std=0.175981 best_epoch=92
epoch=98 env_step=196000 gradient_step=12250 train_rew=-0.197759 train_len=20 n_ep=0 n_st=16 loss=0.000535 loss_clip=0.000232 loss_ent=0.765811 loss_vf=0.002138 test_reward=-0.119369 test_reward_std=0.179779 best_reward=-0.115393 best_reward_std=0.175981 best_epoch=92
epoch=99 env_step=198000 gradient_step=12375 train_rew=-0.292674 train_len=30 n_ep=0 n_st=16 loss=0.003223 loss_clip=0.002743 loss_ent=0.737695 loss_vf=0.002435 test_reward=-0.274621 test_reward_std=0.122248 best_reward=-0.115393 best_reward_std=0.175981 best_epoch=92
epoch=100 env_step=200000 gradient_step=12500 train_rew=-0.250283 train_len=20 n_ep=1 n_st=16 loss=-0.000878 loss_clip=-0.001242 loss_ent=0.761160 loss_vf=0.002250 test_reward=-0.149360 test_reward_std=0.174091 best_reward=-0.115393 best_reward_std=0.175981 best_epoch=92
final_test episodes=1000 ratio=0.501703 ratio_std=0.133831 total=19.834000 cog=(4.8308,5.0727,4.6184) imbalance=0.1347 fragility_violated_rate=0.0000
